<?xml version="1.0" encoding="UTF-8"?>
<!-- Generated by org.testng.reporters.JUnitXMLReporter -->
<testsuite ignored="0" hostname="DESKTOP-CMJCERN" failures="0" tests="7" name="Test" time="48.802" errors="0" timestamp="2024-07-17T22:37:43 EET">
  <testcase classname="tests.TestCreateCustomer" name="CreateCustomer" time="1.306"/>
  <testcase classname="tests.TestOpenNewAccount" name="OpenNewAccount" time="1.321"/>
  <testcase classname="tests.TestSearchAndDeleteExistingCustomer" name="SearchForCustomer" time="1.387"/>
  <testcase classname="tests.TestSearchAndDeleteExistingCustomer" name="TestDeleteCustomer" time="5.101"/>
  <testcase classname="tests.TestSortByPostalCode" name="SortDescendingByPostalCode" time="1.62"/>
  <testcase classname="tests.TestSortByPostalCode" name="SortAscendingByPostalCode" time="0.089"/>
  <testcase classname="tests.TestCreateNewTransaction" name="TestCreateTransaction" time="1.999"/>
</testsuite> <!-- Test -->
